-------------------------------------------------------------------------------
Test set: com.example.runner.CucumberTest
-------------------------------------------------------------------------------
Tests run: 15, Failures: 0, Errors: 5, Skipped: 0, Time elapsed: 49.07 s <<< FAILURE! -- in com.example.runner.CucumberTest
RTCtek - Demonstrate failing locators across strategies.Broken ID locator -- Time elapsed: 7.493 s <<< ERROR!
io.cucumber.junit.UndefinedStepException: 
The step 'I try to locate by "id" with value "//ul[@id="menu-main-menu"]"' is undefined.
You can implement this step using the snippet(s) below:

@When("I try to locate by {string} with value \"\\/\\/ul[@id=\"menu-main-menu\"]\"")
public void i_try_to_locate_by_with_value_ul_id_menu_main_menu(String string) {
    // Write code here that turns the phrase above into concrete actions
    throw new io.cucumber.java.PendingException();
}


RTCtek - Demonstrate failing locators across strategies.Broken CLASSNAME locator -- Time elapsed: 7.352 s <<< ERROR!
org.openqa.selenium.NoSuchElementException: 
no such element: Unable to locate element: {"method":"css selector","selector":".title"}
  (Session info: chrome=140.0.7339.128)
For documentation on this error, please visit: https://www.selenium.dev/documentation/webdriver/troubleshooting/errors#no-such-element-exception
Build info: version: '4.21.0', revision: '79ed462ef4'
System info: os.name: 'Windows 11', os.arch: 'amd64', os.version: '10.0', java.version: '17.0.12'
Driver info: org.openqa.selenium.chrome.ChromeDriver
Command: [0e3f51b816135424a09e23ef0e66f95f, findElement {value=title, using=class name}]
Capabilities {acceptInsecureCerts: false, browserName: chrome, browserVersion: 140.0.7339.128, chrome: {chromedriverVersion: 140.0.7339.185 (eeea00e459e..., userDataDir: C:\Users\mayank\AppData\Loc...}, fedcm:accounts: true, goog:chromeOptions: {debuggerAddress: localhost:59190}, networkConnectionEnabled: false, pageLoadStrategy: normal, platformName: windows, proxy: Proxy(), se:cdp: ws://localhost:59190/devtoo..., se:cdpVersion: 140.0.7339.128, setWindowRect: true, strictFileInteractability: false, timeouts: {implicit: 0, pageLoad: 300000, script: 30000}, unhandledPromptBehavior: dismiss and notify, webauthn:extension:credBlob: true, webauthn:extension:largeBlob: true, webauthn:extension:minPinLength: true, webauthn:extension:prf: true, webauthn:virtualAuthenticators: true}
Session ID: 0e3f51b816135424a09e23ef0e66f95f
	at java.base/jdk.internal.reflect.NativeConstructorAccessorImpl.newInstance0(Native Method)
	at java.base/jdk.internal.reflect.NativeConstructorAccessorImpl.newInstance(NativeConstructorAccessorImpl.java:77)
	at java.base/jdk.internal.reflect.DelegatingConstructorAccessorImpl.newInstance(DelegatingConstructorAccessorImpl.java:45)
	at java.base/java.lang.reflect.Constructor.newInstanceWithCaller(Constructor.java:499)
	at java.base/java.lang.reflect.Constructor.newInstance(Constructor.java:480)
	at org.openqa.selenium.remote.ErrorCodec.decode(ErrorCodec.java:167)
	at org.openqa.selenium.remote.codec.w3c.W3CHttpResponseCodec.decode(W3CHttpResponseCodec.java:138)
	at org.openqa.selenium.remote.codec.w3c.W3CHttpResponseCodec.decode(W3CHttpResponseCodec.java:50)
	at org.openqa.selenium.remote.HttpCommandExecutor.execute(HttpCommandExecutor.java:190)
	at org.openqa.selenium.remote.service.DriverCommandExecutor.invokeExecute(DriverCommandExecutor.java:216)
	at org.openqa.selenium.remote.service.DriverCommandExecutor.execute(DriverCommandExecutor.java:174)
	at org.openqa.selenium.remote.RemoteWebDriver.execute(RemoteWebDriver.java:518)
	at org.openqa.selenium.remote.ElementLocation$ElementFinder$2.findElement(ElementLocation.java:165)
	at org.openqa.selenium.remote.ElementLocation.findElement(ElementLocation.java:66)
	at org.openqa.selenium.remote.RemoteWebDriver.findElement(RemoteWebDriver.java:355)
	at org.openqa.selenium.remote.RemoteWebDriver.findElement(RemoteWebDriver.java:349)
	at com.rtc.client.RtcIntegration.findElement(RtcIntegration.java:122)
	at com.rtc.client.RtcWebDriver.findElement(RtcWebDriver.java:54)
	at com.example.steps.LocatorSteps.i_try_to_locate_by_with_value(LocatorSteps.java:32)
	at ✽.I try to locate by "className" with value "title"(file:///C:/Users/mayank/Documents/GitHub/rtctek-locator-failures-new/src/test/resources/features/rtctek_locators.feature:23)

RTCtek - Demonstrate failing locators across strategies.Broken LINKTEXT locator -- Time elapsed: 0.529 s <<< ERROR!
io.cucumber.junit.UndefinedStepException: 
The step 'I try to locate by "linkText" with value "a[href="https://rtctek.com/contact-us/"]"https://rtctek.com/contact-us/"]"https://rtctek.com/contact-us/"]"https://rtctek.com/contact-us/"]"' is undefined.
You can implement this step using the snippet(s) below:

@When("I try to locate by {string} with value \"a[href=\"https:\\/\\/rtctek.com\\/contact-us\\/\"]\"https:\\/\\/rtctek.com\\/contact-us\\/\"]\"https:\\/\\/rtctek.com\\/contact-us\\/\"]\"https:\\/\\/rtctek.com\\/contact-us\\/{string}")
public void i_try_to_locate_by_with_value_a_href_https_rtctek_com_contact_us_https_rtctek_com_contact_us_https_rtctek_com_contact_us_https_rtctek_com_contact_us(String string, String string2) {
    // Write code here that turns the phrase above into concrete actions
    throw new io.cucumber.java.PendingException();
}


RTCtek - Demonstrate failing locators across strategies.Broken PARTIALLINKTEXT locator -- Time elapsed: 6.929 s <<< ERROR!
org.openqa.selenium.NoSuchElementException: 
no such element: Unable to locate element: {"method":"partial link text","selector":"Contactt"}
  (Session info: chrome=140.0.7339.128)
For documentation on this error, please visit: https://www.selenium.dev/documentation/webdriver/troubleshooting/errors#no-such-element-exception
Build info: version: '4.21.0', revision: '79ed462ef4'
System info: os.name: 'Windows 11', os.arch: 'amd64', os.version: '10.0', java.version: '17.0.12'
Driver info: org.openqa.selenium.chrome.ChromeDriver
Command: [0e3f51b816135424a09e23ef0e66f95f, findElement {value=Contactt, using=partial link text}]
Capabilities {acceptInsecureCerts: false, browserName: chrome, browserVersion: 140.0.7339.128, chrome: {chromedriverVersion: 140.0.7339.185 (eeea00e459e..., userDataDir: C:\Users\mayank\AppData\Loc...}, fedcm:accounts: true, goog:chromeOptions: {debuggerAddress: localhost:59190}, networkConnectionEnabled: false, pageLoadStrategy: normal, platformName: windows, proxy: Proxy(), se:cdp: ws://localhost:59190/devtoo..., se:cdpVersion: 140.0.7339.128, setWindowRect: true, strictFileInteractability: false, timeouts: {implicit: 0, pageLoad: 300000, script: 30000}, unhandledPromptBehavior: dismiss and notify, webauthn:extension:credBlob: true, webauthn:extension:largeBlob: true, webauthn:extension:minPinLength: true, webauthn:extension:prf: true, webauthn:virtualAuthenticators: true}
Session ID: 0e3f51b816135424a09e23ef0e66f95f
	at java.base/jdk.internal.reflect.NativeConstructorAccessorImpl.newInstance0(Native Method)
	at java.base/jdk.internal.reflect.NativeConstructorAccessorImpl.newInstance(NativeConstructorAccessorImpl.java:77)
	at java.base/jdk.internal.reflect.DelegatingConstructorAccessorImpl.newInstance(DelegatingConstructorAccessorImpl.java:45)
	at java.base/java.lang.reflect.Constructor.newInstanceWithCaller(Constructor.java:499)
	at java.base/java.lang.reflect.Constructor.newInstance(Constructor.java:480)
	at org.openqa.selenium.remote.ErrorCodec.decode(ErrorCodec.java:167)
	at org.openqa.selenium.remote.codec.w3c.W3CHttpResponseCodec.decode(W3CHttpResponseCodec.java:138)
	at org.openqa.selenium.remote.codec.w3c.W3CHttpResponseCodec.decode(W3CHttpResponseCodec.java:50)
	at org.openqa.selenium.remote.HttpCommandExecutor.execute(HttpCommandExecutor.java:190)
	at org.openqa.selenium.remote.service.DriverCommandExecutor.invokeExecute(DriverCommandExecutor.java:216)
	at org.openqa.selenium.remote.service.DriverCommandExecutor.execute(DriverCommandExecutor.java:174)
	at org.openqa.selenium.remote.RemoteWebDriver.execute(RemoteWebDriver.java:518)
	at org.openqa.selenium.remote.ElementLocation$ElementFinder$2.findElement(ElementLocation.java:165)
	at org.openqa.selenium.remote.ElementLocation.findElement(ElementLocation.java:59)
	at org.openqa.selenium.remote.RemoteWebDriver.findElement(RemoteWebDriver.java:355)
	at org.openqa.selenium.remote.RemoteWebDriver.findElement(RemoteWebDriver.java:349)
	at com.rtc.client.RtcIntegration.findElement(RtcIntegration.java:122)
	at com.rtc.client.RtcWebDriver.findElement(RtcWebDriver.java:54)
	at com.example.steps.LocatorSteps.i_try_to_locate_by_with_value(LocatorSteps.java:32)
	at ✽.I try to locate by "partialLinkText" with value "Contactt"(file:///C:/Users/mayank/Documents/GitHub/rtctek-locator-failures-new/src/test/resources/features/rtctek_locators.feature:53)

RTCtek - Demonstrate failing locators across strategies.Valid LINKTEXT locator -- Time elapsed: 0.467 s <<< ERROR!
io.cucumber.junit.UndefinedStepException: 
The step 'I try to locate by "linkText" with value "a[href="https://rtctek.com/contact-us/"]"' is undefined.
You can implement this step using the snippet(s) below:

@When("I try to locate by {string} with value \"a[href=\"https:\\/\\/rtctek.com\\/contact-us\\/{string}")
public void i_try_to_locate_by_with_value_a_href_https_rtctek_com_contact_us(String string, String string2) {
    // Write code here that turns the phrase above into concrete actions
    throw new io.cucumber.java.PendingException();
}


